<?xml version="1.0" encoding="UTF-8"?>
<!-- Generated by org.testng.reporters.JUnitXMLReporter -->
<testsuite hostname="Mukesh" name="FrameworkUnitTest" tests="6" failures="0" timestamp="26 Sep 2015 17:22:52 GMT" time="30.873" errors="0">
  <testcase name="testConfigDataProvider" time="0.115" classname="UnitTest.DataProviderTest"/>
  <testcase name="testExcelDataProvider" time="1.838" classname="UnitTest.DataProviderTest"/>
  <testcase name="testChromeBrowser" time="10.595" classname="UnitTest.BrowserFactoryTest"/>
  <testcase name="testFirefoxBrowser" time="18.161" classname="UnitTest.BrowserFactoryTest"/>
  <testcase name="getConfigObject" time="0.002" classname="UnitTest.DataProviderFactoryTest"/>
  <testcase name="getExcelObject" time="0.106" classname="UnitTest.DataProviderFactoryTest"/>
</testsuite> <!-- FrameworkUnitTest -->
