<?xml version="1.0" encoding="UTF-8"?>
<testng-results skipped="0" failed="0" total="1" passed="1">
  <reporter-output>
  </reporter-output>
  <suite name="Default suite" duration-ms="58351" started-at="2016-03-14T19:42:14Z" finished-at="2016-03-14T19:43:13Z">
    <groups>
    </groups>
    <test name="Default test" duration-ms="58351" started-at="2016-03-14T19:42:14Z" finished-at="2016-03-14T19:43:13Z">
      <class name="TestCases.End_to_End_testcase">
        <test-method status="PASS" signature="search_Login()[pri:0, instance:TestCases.End_to_End_testcase@ea4a92b]" name="search_Login" duration-ms="58270" started-at="2016-03-15T01:12:14Z" finished-at="2016-03-15T01:13:12Z">
          <reporter-output>
          </reporter-output>
        </test-method> <!-- search_Login -->
      </class> <!-- TestCases.End_to_End_testcase -->
    </test> <!-- Default test -->
  </suite> <!-- Default suite -->
</testng-results>
